==2555== Memcheck, a memory error detector
==2555== Copyright (C) 2002-2010, and GNU GPL'd, by Julian Seward et al.
==2555== Using Valgrind-3.6.1 and LibVEX; rerun with -h for copyright info
==2555== Command: ./milldb examples/ex2.txt
==2555== 
==2555== Invalid read of size 4
==2555==    at 0x337E6A42EB: std::basic_string<char, std::char_traits<char>, std::allocator<char> >::basic_string(std::string const&) (in /usr/lib64/libstdc++.so.6.0.16)
==2555==    by 0x4099E6: std::pair<std::string, Argument::Type>::pair(std::pair<std::string, Argument::Type> const&) (stl_pair.h:112)
==2555==    by 0x40C216: __gnu_cxx::new_allocator<std::pair<std::string, Argument::Type> >::construct(std::pair<std::string, Argument::Type>*, std::pair<std::string, Argument::Type> const&) (in /home/AKonovalov/Документы/mill-db/milldb)
==2555==    by 0x40C3E5: void std::vector<std::pair<std::string, Argument::Type>, std::allocator<std::pair<std::string, Argument::Type> > >::_M_insert_aux<std::pair<std::string, Argument::Type> const&>(__gnu_cxx::__normal_iterator<std::pair<std::string, Argument::Type>*, std::vector<std::pair<std::string, Argument::Type>, std::allocator<std::pair<std::string, Argument::Type> > > >, std::pair<std::string, Argument::Type> const&&&) (vector.tcc:335)
==2555==    by 0x40A53D: std::vector<std::pair<std::string, Argument::Type>, std::allocator<std::pair<std::string, Argument::Type> > >::push_back(std::pair<std::string, Argument::Type> const&) (stl_vector.h:834)
==2555==    by 0x407FA3: yyparse() (milldb.y:471)
==2555==    by 0x4037C8: parse_file(std::string) (main.cpp:42)
==2555==    by 0x403C6F: main (main.cpp:88)
==2555==  Address 0x506cc40 is 16 bytes inside a block of size 31 free'd
==2555==    at 0x4A062BC: operator delete(void*) (vg_replace_malloc.c:387)
==2555==    by 0x337E6A2FD2: std::basic_string<char, std::char_traits<char>, std::allocator<char> >::~basic_string() (in /usr/lib64/libstdc++.so.6.0.16)
==2555==    by 0x409A0F: std::pair<std::string, Argument::Type>::~pair() (stl_pair.h:87)
==2555==    by 0x408095: yyparse() (milldb.y:490)
==2555==    by 0x4037C8: parse_file(std::string) (main.cpp:42)
==2555==    by 0x403C6F: main (main.cpp:88)
==2555== 
==2555== Invalid read of size 8
==2555==    at 0x337E6A3BA9: std::string::_Rep::_M_clone(std::allocator<char> const&, unsigned long) (in /usr/lib64/libstdc++.so.6.0.16)
==2555==    by 0x337E6A431B: std::basic_string<char, std::char_traits<char>, std::allocator<char> >::basic_string(std::string const&) (in /usr/lib64/libstdc++.so.6.0.16)
==2555==    by 0x4099E6: std::pair<std::string, Argument::Type>::pair(std::pair<std::string, Argument::Type> const&) (stl_pair.h:112)
==2555==    by 0x40C216: __gnu_cxx::new_allocator<std::pair<std::string, Argument::Type> >::construct(std::pair<std::string, Argument::Type>*, std::pair<std::string, Argument::Type> const&) (in /home/AKonovalov/Документы/mill-db/milldb)
==2555==    by 0x40C3E5: void std::vector<std::pair<std::string, Argument::Type>, std::allocator<std::pair<std::string, Argument::Type> > >::_M_insert_aux<std::pair<std::string, Argument::Type> const&>(__gnu_cxx::__normal_iterator<std::pair<std::string, Argument::Type>*, std::vector<std::pair<std::string, Argument::Type>, std::allocator<std::pair<std::string, Argument::Type> > > >, std::pair<std::string, Argument::Type> const&&&) (vector.tcc:335)
==2555==    by 0x40A53D: std::vector<std::pair<std::string, Argument::Type>, std::allocator<std::pair<std::string, Argument::Type> > >::push_back(std::pair<std::string, Argument::Type> const&) (stl_vector.h:834)
==2555==    by 0x407FA3: yyparse() (milldb.y:471)
==2555==    by 0x4037C8: parse_file(std::string) (main.cpp:42)
==2555==    by 0x403C6F: main (main.cpp:88)
==2555==  Address 0x506cc30 is 0 bytes inside a block of size 31 free'd
==2555==    at 0x4A062BC: operator delete(void*) (vg_replace_malloc.c:387)
==2555==    by 0x337E6A2FD2: std::basic_string<char, std::char_traits<char>, std::allocator<char> >::~basic_string() (in /usr/lib64/libstdc++.so.6.0.16)
==2555==    by 0x409A0F: std::pair<std::string, Argument::Type>::~pair() (stl_pair.h:87)
==2555==    by 0x408095: yyparse() (milldb.y:490)
==2555==    by 0x4037C8: parse_file(std::string) (main.cpp:42)
==2555==    by 0x403C6F: main (main.cpp:88)
==2555== 
==2555== Invalid read of size 8
==2555==    at 0x337E6A3BAF: std::string::_Rep::_M_clone(std::allocator<char> const&, unsigned long) (in /usr/lib64/libstdc++.so.6.0.16)
==2555==    by 0x337E6A431B: std::basic_string<char, std::char_traits<char>, std::allocator<char> >::basic_string(std::string const&) (in /usr/lib64/libstdc++.so.6.0.16)
==2555==    by 0x4099E6: std::pair<std::string, Argument::Type>::pair(std::pair<std::string, Argument::Type> const&) (stl_pair.h:112)
==2555==    by 0x40C216: __gnu_cxx::new_allocator<std::pair<std::string, Argument::Type> >::construct(std::pair<std::string, Argument::Type>*, std::pair<std::string, Argument::Type> const&) (in /home/AKonovalov/Документы/mill-db/milldb)
==2555==    by 0x40C3E5: void std::vector<std::pair<std::string, Argument::Type>, std::allocator<std::pair<std::string, Argument::Type> > >::_M_insert_aux<std::pair<std::string, Argument::Type> const&>(__gnu_cxx::__normal_iterator<std::pair<std::string, Argument::Type>*, std::vector<std::pair<std::string, Argument::Type>, std::allocator<std::pair<std::string, Argument::Type> > > >, std::pair<std::string, Argument::Type> const&&&) (vector.tcc:335)
==2555==    by 0x40A53D: std::vector<std::pair<std::string, Argument::Type>, std::allocator<std::pair<std::string, Argument::Type> > >::push_back(std::pair<std::string, Argument::Type> const&) (stl_vector.h:834)
==2555==    by 0x407FA3: yyparse() (milldb.y:471)
==2555==    by 0x4037C8: parse_file(std::string) (main.cpp:42)
==2555==    by 0x403C6F: main (main.cpp:88)
==2555==  Address 0x506cc38 is 8 bytes inside a block of size 31 free'd
==2555==    at 0x4A062BC: operator delete(void*) (vg_replace_malloc.c:387)
==2555==    by 0x337E6A2FD2: std::basic_string<char, std::char_traits<char>, std::allocator<char> >::~basic_string() (in /usr/lib64/libstdc++.so.6.0.16)
==2555==    by 0x409A0F: std::pair<std::string, Argument::Type>::~pair() (stl_pair.h:87)
==2555==    by 0x408095: yyparse() (milldb.y:490)
==2555==    by 0x4037C8: parse_file(std::string) (main.cpp:42)
==2555==    by 0x403C6F: main (main.cpp:88)
==2555== 
==2555== Invalid read of size 8
==2555==    at 0x337E6A3BBB: std::string::_Rep::_M_clone(std::allocator<char> const&, unsigned long) (in /usr/lib64/libstdc++.so.6.0.16)
==2555==    by 0x337E6A431B: std::basic_string<char, std::char_traits<char>, std::allocator<char> >::basic_string(std::string const&) (in /usr/lib64/libstdc++.so.6.0.16)
==2555==    by 0x4099E6: std::pair<std::string, Argument::Type>::pair(std::pair<std::string, Argument::Type> const&) (stl_pair.h:112)
==2555==    by 0x40C216: __gnu_cxx::new_allocator<std::pair<std::string, Argument::Type> >::construct(std::pair<std::string, Argument::Type>*, std::pair<std::string, Argument::Type> const&) (in /home/AKonovalov/Документы/mill-db/milldb)
==2555==    by 0x40C3E5: void std::vector<std::pair<std::string, Argument::Type>, std::allocator<std::pair<std::string, Argument::Type> > >::_M_insert_aux<std::pair<std::string, Argument::Type> const&>(__gnu_cxx::__normal_iterator<std::pair<std::string, Argument::Type>*, std::vector<std::pair<std::string, Argument::Type>, std::allocator<std::pair<std::string, Argument::Type> > > >, std::pair<std::string, Argument::Type> const&&&) (vector.tcc:335)
==2555==    by 0x40A53D: std::vector<std::pair<std::string, Argument::Type>, std::allocator<std::pair<std::string, Argument::Type> > >::push_back(std::pair<std::string, Argument::Type> const&) (stl_vector.h:834)
==2555==    by 0x407FA3: yyparse() (milldb.y:471)
==2555==    by 0x4037C8: parse_file(std::string) (main.cpp:42)
==2555==    by 0x403C6F: main (main.cpp:88)
==2555==  Address 0x506cc30 is 0 bytes inside a block of size 31 free'd
==2555==    at 0x4A062BC: operator delete(void*) (vg_replace_malloc.c:387)
==2555==    by 0x337E6A2FD2: std::basic_string<char, std::char_traits<char>, std::allocator<char> >::~basic_string() (in /usr/lib64/libstdc++.so.6.0.16)
==2555==    by 0x409A0F: std::pair<std::string, Argument::Type>::~pair() (stl_pair.h:87)
==2555==    by 0x408095: yyparse() (milldb.y:490)
==2555==    by 0x4037C8: parse_file(std::string) (main.cpp:42)
==2555==    by 0x403C6F: main (main.cpp:88)
==2555== 
==2555== Invalid read of size 1
==2555==    at 0x4A09441: memcpy@@GLIBC_2.14 (mc_replace_strmem.c:653)
==2555==    by 0x337E6A3C01: std::string::_Rep::_M_clone(std::allocator<char> const&, unsigned long) (in /usr/lib64/libstdc++.so.6.0.16)
==2555==    by 0x337E6A431B: std::basic_string<char, std::char_traits<char>, std::allocator<char> >::basic_string(std::string const&) (in /usr/lib64/libstdc++.so.6.0.16)
==2555==    by 0x4099E6: std::pair<std::string, Argument::Type>::pair(std::pair<std::string, Argument::Type> const&) (stl_pair.h:112)
==2555==    by 0x40C216: __gnu_cxx::new_allocator<std::pair<std::string, Argument::Type> >::construct(std::pair<std::string, Argument::Type>*, std::pair<std::string, Argument::Type> const&) (in /home/AKonovalov/Документы/mill-db/milldb)
==2555==    by 0x40C3E5: void std::vector<std::pair<std::string, Argument::Type>, std::allocator<std::pair<std::string, Argument::Type> > >::_M_insert_aux<std::pair<std::string, Argument::Type> const&>(__gnu_cxx::__normal_iterator<std::pair<std::string, Argument::Type>*, std::vector<std::pair<std::string, Argument::Type>, std::allocator<std::pair<std::string, Argument::Type> > > >, std::pair<std::string, Argument::Type> const&&&) (vector.tcc:335)
==2555==    by 0x40A53D: std::vector<std::pair<std::string, Argument::Type>, std::allocator<std::pair<std::string, Argument::Type> > >::push_back(std::pair<std::string, Argument::Type> const&) (stl_vector.h:834)
==2555==    by 0x407FA3: yyparse() (milldb.y:471)
==2555==    by 0x4037C8: parse_file(std::string) (main.cpp:42)
==2555==    by 0x403C6F: main (main.cpp:88)
==2555==  Address 0x506cc4d is 29 bytes inside a block of size 31 free'd
==2555==    at 0x4A062BC: operator delete(void*) (vg_replace_malloc.c:387)
==2555==    by 0x337E6A2FD2: std::basic_string<char, std::char_traits<char>, std::allocator<char> >::~basic_string() (in /usr/lib64/libstdc++.so.6.0.16)
==2555==    by 0x409A0F: std::pair<std::string, Argument::Type>::~pair() (stl_pair.h:87)
==2555==    by 0x408095: yyparse() (milldb.y:490)
==2555==    by 0x4037C8: parse_file(std::string) (main.cpp:42)
==2555==    by 0x403C6F: main (main.cpp:88)
==2555== 
==2555== Invalid read of size 8
==2555==    at 0x337E6A3C02: std::string::_Rep::_M_clone(std::allocator<char> const&, unsigned long) (in /usr/lib64/libstdc++.so.6.0.16)
==2555==    by 0x337E6A431B: std::basic_string<char, std::char_traits<char>, std::allocator<char> >::basic_string(std::string const&) (in /usr/lib64/libstdc++.so.6.0.16)
==2555==    by 0x4099E6: std::pair<std::string, Argument::Type>::pair(std::pair<std::string, Argument::Type> const&) (stl_pair.h:112)
==2555==    by 0x40C216: __gnu_cxx::new_allocator<std::pair<std::string, Argument::Type> >::construct(std::pair<std::string, Argument::Type>*, std::pair<std::string, Argument::Type> const&) (in /home/AKonovalov/Документы/mill-db/milldb)
==2555==    by 0x40C3E5: void std::vector<std::pair<std::string, Argument::Type>, std::allocator<std::pair<std::string, Argument::Type> > >::_M_insert_aux<std::pair<std::string, Argument::Type> const&>(__gnu_cxx::__normal_iterator<std::pair<std::string, Argument::Type>*, std::vector<std::pair<std::string, Argument::Type>, std::allocator<std::pair<std::string, Argument::Type> > > >, std::pair<std::string, Argument::Type> const&&&) (vector.tcc:335)
==2555==    by 0x40A53D: std::vector<std::pair<std::string, Argument::Type>, std::allocator<std::pair<std::string, Argument::Type> > >::push_back(std::pair<std::string, Argument::Type> const&) (stl_vector.h:834)
==2555==    by 0x407FA3: yyparse() (milldb.y:471)
==2555==    by 0x4037C8: parse_file(std::string) (main.cpp:42)
==2555==    by 0x403C6F: main (main.cpp:88)
==2555==  Address 0x506cc30 is 0 bytes inside a block of size 31 free'd
==2555==    at 0x4A062BC: operator delete(void*) (vg_replace_malloc.c:387)
==2555==    by 0x337E6A2FD2: std::basic_string<char, std::char_traits<char>, std::allocator<char> >::~basic_string() (in /usr/lib64/libstdc++.so.6.0.16)
==2555==    by 0x409A0F: std::pair<std::string, Argument::Type>::~pair() (stl_pair.h:87)
==2555==    by 0x408095: yyparse() (milldb.y:490)
==2555==    by 0x4037C8: parse_file(std::string) (main.cpp:42)
==2555==    by 0x403C6F: main (main.cpp:88)
==2555== 
==2555== Invalid read of size 4
==2555==    at 0x337E6A42EB: std::basic_string<char, std::char_traits<char>, std::allocator<char> >::basic_string(std::string const&) (in /usr/lib64/libstdc++.so.6.0.16)
==2555==    by 0x40B669: std::pair<std::string, std::string>::pair(std::pair<std::string, std::string> const&) (stl_pair.h:112)
==2555==    by 0x40B6E8: __gnu_cxx::new_allocator<std::pair<std::string, std::string> >::construct(std::pair<std::string, std::string>*, std::pair<std::string, std::string> const&) (in /home/AKonovalov/Документы/mill-db/milldb)
==2555==    by 0x40B8B7: void std::vector<std::pair<std::string, std::string>, std::allocator<std::pair<std::string, std::string> > >::_M_insert_aux<std::pair<std::string, std::string> const&>(__gnu_cxx::__normal_iterator<std::pair<std::string, std::string>*, std::vector<std::pair<std::string, std::string>, std::allocator<std::pair<std::string, std::string> > > >, std::pair<std::string, std::string> const&&&) (vector.tcc:335)
==2555==    by 0x40A281: std::vector<std::pair<std::string, std::string>, std::allocator<std::pair<std::string, std::string> > >::push_back(std::pair<std::string, std::string> const&) (stl_vector.h:834)
==2555==    by 0x407BE4: yyparse() (milldb.y:387)
==2555==    by 0x4037C8: parse_file(std::string) (main.cpp:42)
==2555==    by 0x403C6F: main (main.cpp:88)
==2555==  Address 0x506dd60 is 16 bytes inside a block of size 30 free'd
==2555==    at 0x4A062BC: operator delete(void*) (vg_replace_malloc.c:387)
==2555==    by 0x337E6A2FD2: std::basic_string<char, std::char_traits<char>, std::allocator<char> >::~basic_string() (in /usr/lib64/libstdc++.so.6.0.16)
==2555==    by 0x409A3A: std::pair<std::string, std::string>::~pair() (in /home/AKonovalov/Документы/mill-db/milldb)
==2555==    by 0x407CF0: yyparse() (milldb.y:410)
==2555==    by 0x4037C8: parse_file(std::string) (main.cpp:42)
==2555==    by 0x403C6F: main (main.cpp:88)
==2555== 
==2555== Invalid read of size 8
==2555==    at 0x337E6A3BA9: std::string::_Rep::_M_clone(std::allocator<char> const&, unsigned long) (in /usr/lib64/libstdc++.so.6.0.16)
==2555==    by 0x337E6A431B: std::basic_string<char, std::char_traits<char>, std::allocator<char> >::basic_string(std::string const&) (in /usr/lib64/libstdc++.so.6.0.16)
==2555==    by 0x40B669: std::pair<std::string, std::string>::pair(std::pair<std::string, std::string> const&) (stl_pair.h:112)
==2555==    by 0x40B6E8: __gnu_cxx::new_allocator<std::pair<std::string, std::string> >::construct(std::pair<std::string, std::string>*, std::pair<std::string, std::string> const&) (in /home/AKonovalov/Документы/mill-db/milldb)
==2555==    by 0x40B8B7: void std::vector<std::pair<std::string, std::string>, std::allocator<std::pair<std::string, std::string> > >::_M_insert_aux<std::pair<std::string, std::string> const&>(__gnu_cxx::__normal_iterator<std::pair<std::string, std::string>*, std::vector<std::pair<std::string, std::string>, std::allocator<std::pair<std::string, std::string> > > >, std::pair<std::string, std::string> const&&&) (vector.tcc:335)
==2555==    by 0x40A281: std::vector<std::pair<std::string, std::string>, std::allocator<std::pair<std::string, std::string> > >::push_back(std::pair<std::string, std::string> const&) (stl_vector.h:834)
==2555==    by 0x407BE4: yyparse() (milldb.y:387)
==2555==    by 0x4037C8: parse_file(std::string) (main.cpp:42)
==2555==    by 0x403C6F: main (main.cpp:88)
==2555==  Address 0x506dd50 is 0 bytes inside a block of size 30 free'd
==2555==    at 0x4A062BC: operator delete(void*) (vg_replace_malloc.c:387)
==2555==    by 0x337E6A2FD2: std::basic_string<char, std::char_traits<char>, std::allocator<char> >::~basic_string() (in /usr/lib64/libstdc++.so.6.0.16)
==2555==    by 0x409A3A: std::pair<std::string, std::string>::~pair() (in /home/AKonovalov/Документы/mill-db/milldb)
==2555==    by 0x407CF0: yyparse() (milldb.y:410)
==2555==    by 0x4037C8: parse_file(std::string) (main.cpp:42)
==2555==    by 0x403C6F: main (main.cpp:88)
==2555== 
==2555== Invalid read of size 8
==2555==    at 0x337E6A3BAF: std::string::_Rep::_M_clone(std::allocator<char> const&, unsigned long) (in /usr/lib64/libstdc++.so.6.0.16)
==2555==    by 0x337E6A431B: std::basic_string<char, std::char_traits<char>, std::allocator<char> >::basic_string(std::string const&) (in /usr/lib64/libstdc++.so.6.0.16)
==2555==    by 0x40B669: std::pair<std::string, std::string>::pair(std::pair<std::string, std::string> const&) (stl_pair.h:112)
==2555==    by 0x40B6E8: __gnu_cxx::new_allocator<std::pair<std::string, std::string> >::construct(std::pair<std::string, std::string>*, std::pair<std::string, std::string> const&) (in /home/AKonovalov/Документы/mill-db/milldb)
==2555==    by 0x40B8B7: void std::vector<std::pair<std::string, std::string>, std::allocator<std::pair<std::string, std::string> > >::_M_insert_aux<std::pair<std::string, std::string> const&>(__gnu_cxx::__normal_iterator<std::pair<std::string, std::string>*, std::vector<std::pair<std::string, std::string>, std::allocator<std::pair<std::string, std::string> > > >, std::pair<std::string, std::string> const&&&) (vector.tcc:335)
==2555==    by 0x40A281: std::vector<std::pair<std::string, std::string>, std::allocator<std::pair<std::string, std::string> > >::push_back(std::pair<std::string, std::string> const&) (stl_vector.h:834)
==2555==    by 0x407BE4: yyparse() (milldb.y:387)
==2555==    by 0x4037C8: parse_file(std::string) (main.cpp:42)
==2555==    by 0x403C6F: main (main.cpp:88)
==2555==  Address 0x506dd58 is 8 bytes inside a block of size 30 free'd
==2555==    at 0x4A062BC: operator delete(void*) (vg_replace_malloc.c:387)
==2555==    by 0x337E6A2FD2: std::basic_string<char, std::char_traits<char>, std::allocator<char> >::~basic_string() (in /usr/lib64/libstdc++.so.6.0.16)
==2555==    by 0x409A3A: std::pair<std::string, std::string>::~pair() (in /home/AKonovalov/Документы/mill-db/milldb)
==2555==    by 0x407CF0: yyparse() (milldb.y:410)
==2555==    by 0x4037C8: parse_file(std::string) (main.cpp:42)
==2555==    by 0x403C6F: main (main.cpp:88)
==2555== 
==2555== Invalid read of size 8
==2555==    at 0x337E6A3BBB: std::string::_Rep::_M_clone(std::allocator<char> const&, unsigned long) (in /usr/lib64/libstdc++.so.6.0.16)
==2555==    by 0x337E6A431B: std::basic_string<char, std::char_traits<char>, std::allocator<char> >::basic_string(std::string const&) (in /usr/lib64/libstdc++.so.6.0.16)
==2555==    by 0x40B669: std::pair<std::string, std::string>::pair(std::pair<std::string, std::string> const&) (stl_pair.h:112)
==2555==    by 0x40B6E8: __gnu_cxx::new_allocator<std::pair<std::string, std::string> >::construct(std::pair<std::string, std::string>*, std::pair<std::string, std::string> const&) (in /home/AKonovalov/Документы/mill-db/milldb)
==2555==    by 0x40B8B7: void std::vector<std::pair<std::string, std::string>, std::allocator<std::pair<std::string, std::string> > >::_M_insert_aux<std::pair<std::string, std::string> const&>(__gnu_cxx::__normal_iterator<std::pair<std::string, std::string>*, std::vector<std::pair<std::string, std::string>, std::allocator<std::pair<std::string, std::string> > > >, std::pair<std::string, std::string> const&&&) (vector.tcc:335)
==2555==    by 0x40A281: std::vector<std::pair<std::string, std::string>, std::allocator<std::pair<std::string, std::string> > >::push_back(std::pair<std::string, std::string> const&) (stl_vector.h:834)
==2555==    by 0x407BE4: yyparse() (milldb.y:387)
==2555==    by 0x4037C8: parse_file(std::string) (main.cpp:42)
==2555==    by 0x403C6F: main (main.cpp:88)
==2555==  Address 0x506dd50 is 0 bytes inside a block of size 30 free'd
==2555==    at 0x4A062BC: operator delete(void*) (vg_replace_malloc.c:387)
==2555==    by 0x337E6A2FD2: std::basic_string<char, std::char_traits<char>, std::allocator<char> >::~basic_string() (in /usr/lib64/libstdc++.so.6.0.16)
==2555==    by 0x409A3A: std::pair<std::string, std::string>::~pair() (in /home/AKonovalov/Документы/mill-db/milldb)
==2555==    by 0x407CF0: yyparse() (milldb.y:410)
==2555==    by 0x4037C8: parse_file(std::string) (main.cpp:42)
==2555==    by 0x403C6F: main (main.cpp:88)
==2555== 
==2555== Invalid read of size 1
==2555==    at 0x4A09441: memcpy@@GLIBC_2.14 (mc_replace_strmem.c:653)
==2555==    by 0x337E6A3C01: std::string::_Rep::_M_clone(std::allocator<char> const&, unsigned long) (in /usr/lib64/libstdc++.so.6.0.16)
==2555==    by 0x337E6A431B: std::basic_string<char, std::char_traits<char>, std::allocator<char> >::basic_string(std::string const&) (in /usr/lib64/libstdc++.so.6.0.16)
==2555==    by 0x40B669: std::pair<std::string, std::string>::pair(std::pair<std::string, std::string> const&) (stl_pair.h:112)
==2555==    by 0x40B6E8: __gnu_cxx::new_allocator<std::pair<std::string, std::string> >::construct(std::pair<std::string, std::string>*, std::pair<std::string, std::string> const&) (in /home/AKonovalov/Документы/mill-db/milldb)
==2555==    by 0x40B8B7: void std::vector<std::pair<std::string, std::string>, std::allocator<std::pair<std::string, std::string> > >::_M_insert_aux<std::pair<std::string, std::string> const&>(__gnu_cxx::__normal_iterator<std::pair<std::string, std::string>*, std::vector<std::pair<std::string, std::string>, std::allocator<std::pair<std::string, std::string> > > >, std::pair<std::string, std::string> const&&&) (vector.tcc:335)
==2555==    by 0x40A281: std::vector<std::pair<std::string, std::string>, std::allocator<std::pair<std::string, std::string> > >::push_back(std::pair<std::string, std::string> const&) (stl_vector.h:834)
==2555==    by 0x407BE4: yyparse() (milldb.y:387)
==2555==    by 0x4037C8: parse_file(std::string) (main.cpp:42)
==2555==    by 0x403C6F: main (main.cpp:88)
==2555==  Address 0x506dd6c is 28 bytes inside a block of size 30 free'd
==2555==    at 0x4A062BC: operator delete(void*) (vg_replace_malloc.c:387)
==2555==    by 0x337E6A2FD2: std::basic_string<char, std::char_traits<char>, std::allocator<char> >::~basic_string() (in /usr/lib64/libstdc++.so.6.0.16)
==2555==    by 0x409A3A: std::pair<std::string, std::string>::~pair() (in /home/AKonovalov/Документы/mill-db/milldb)
==2555==    by 0x407CF0: yyparse() (milldb.y:410)
==2555==    by 0x4037C8: parse_file(std::string) (main.cpp:42)
==2555==    by 0x403C6F: main (main.cpp:88)
==2555== 
==2555== Invalid read of size 8
==2555==    at 0x337E6A3C02: std::string::_Rep::_M_clone(std::allocator<char> const&, unsigned long) (in /usr/lib64/libstdc++.so.6.0.16)
==2555==    by 0x337E6A431B: std::basic_string<char, std::char_traits<char>, std::allocator<char> >::basic_string(std::string const&) (in /usr/lib64/libstdc++.so.6.0.16)
==2555==    by 0x40B669: std::pair<std::string, std::string>::pair(std::pair<std::string, std::string> const&) (stl_pair.h:112)
==2555==    by 0x40B6E8: __gnu_cxx::new_allocator<std::pair<std::string, std::string> >::construct(std::pair<std::string, std::string>*, std::pair<std::string, std::string> const&) (in /home/AKonovalov/Документы/mill-db/milldb)
==2555==    by 0x40B8B7: void std::vector<std::pair<std::string, std::string>, std::allocator<std::pair<std::string, std::string> > >::_M_insert_aux<std::pair<std::string, std::string> const&>(__gnu_cxx::__normal_iterator<std::pair<std::string, std::string>*, std::vector<std::pair<std::string, std::string>, std::allocator<std::pair<std::string, std::string> > > >, std::pair<std::string, std::string> const&&&) (vector.tcc:335)
==2555==    by 0x40A281: std::vector<std::pair<std::string, std::string>, std::allocator<std::pair<std::string, std::string> > >::push_back(std::pair<std::string, std::string> const&) (stl_vector.h:834)
==2555==    by 0x407BE4: yyparse() (milldb.y:387)
==2555==    by 0x4037C8: parse_file(std::string) (main.cpp:42)
==2555==    by 0x403C6F: main (main.cpp:88)
==2555==  Address 0x506dd50 is 0 bytes inside a block of size 30 free'd
==2555==    at 0x4A062BC: operator delete(void*) (vg_replace_malloc.c:387)
==2555==    by 0x337E6A2FD2: std::basic_string<char, std::char_traits<char>, std::allocator<char> >::~basic_string() (in /usr/lib64/libstdc++.so.6.0.16)
==2555==    by 0x409A3A: std::pair<std::string, std::string>::~pair() (in /home/AKonovalov/Документы/mill-db/milldb)
==2555==    by 0x407CF0: yyparse() (milldb.y:410)
==2555==    by 0x4037C8: parse_file(std::string) (main.cpp:42)
==2555==    by 0x403C6F: main (main.cpp:88)
==2555== 
==2555== Invalid read of size 4
==2555==    at 0x337E6A42EB: std::basic_string<char, std::char_traits<char>, std::allocator<char> >::basic_string(std::string const&) (in /usr/lib64/libstdc++.so.6.0.16)
==2555==    by 0x40B684: std::pair<std::string, std::string>::pair(std::pair<std::string, std::string> const&) (stl_pair.h:112)
==2555==    by 0x40B6E8: __gnu_cxx::new_allocator<std::pair<std::string, std::string> >::construct(std::pair<std::string, std::string>*, std::pair<std::string, std::string> const&) (in /home/AKonovalov/Документы/mill-db/milldb)
==2555==    by 0x40B8B7: void std::vector<std::pair<std::string, std::string>, std::allocator<std::pair<std::string, std::string> > >::_M_insert_aux<std::pair<std::string, std::string> const&>(__gnu_cxx::__normal_iterator<std::pair<std::string, std::string>*, std::vector<std::pair<std::string, std::string>, std::allocator<std::pair<std::string, std::string> > > >, std::pair<std::string, std::string> const&&&) (vector.tcc:335)
==2555==    by 0x40A281: std::vector<std::pair<std::string, std::string>, std::allocator<std::pair<std::string, std::string> > >::push_back(std::pair<std::string, std::string> const&) (stl_vector.h:834)
==2555==    by 0x407BE4: yyparse() (milldb.y:387)
==2555==    by 0x4037C8: parse_file(std::string) (main.cpp:42)
==2555==    by 0x403C6F: main (main.cpp:88)
==2555==  Address 0x506de10 is 16 bytes inside a block of size 31 free'd
==2555==    at 0x4A062BC: operator delete(void*) (vg_replace_malloc.c:387)
==2555==    by 0x337E6A2FD2: std::basic_string<char, std::char_traits<char>, std::allocator<char> >::~basic_string() (in /usr/lib64/libstdc++.so.6.0.16)
==2555==    by 0x409A2E: std::pair<std::string, std::string>::~pair() (in /home/AKonovalov/Документы/mill-db/milldb)
==2555==    by 0x407CF0: yyparse() (milldb.y:410)
==2555==    by 0x4037C8: parse_file(std::string) (main.cpp:42)
==2555==    by 0x403C6F: main (main.cpp:88)
==2555== 
==2555== Invalid read of size 8
==2555==    at 0x337E6A3BA9: std::string::_Rep::_M_clone(std::allocator<char> const&, unsigned long) (in /usr/lib64/libstdc++.so.6.0.16)
==2555==    by 0x337E6A431B: std::basic_string<char, std::char_traits<char>, std::allocator<char> >::basic_string(std::string const&) (in /usr/lib64/libstdc++.so.6.0.16)
==2555==    by 0x40B684: std::pair<std::string, std::string>::pair(std::pair<std::string, std::string> const&) (stl_pair.h:112)
==2555==    by 0x40B6E8: __gnu_cxx::new_allocator<std::pair<std::string, std::string> >::construct(std::pair<std::string, std::string>*, std::pair<std::string, std::string> const&) (in /home/AKonovalov/Документы/mill-db/milldb)
==2555==    by 0x40B8B7: void std::vector<std::pair<std::string, std::string>, std::allocator<std::pair<std::string, std::string> > >::_M_insert_aux<std::pair<std::string, std::string> const&>(__gnu_cxx::__normal_iterator<std::pair<std::string, std::string>*, std::vector<std::pair<std::string, std::string>, std::allocator<std::pair<std::string, std::string> > > >, std::pair<std::string, std::string> const&&&) (vector.tcc:335)
==2555==    by 0x40A281: std::vector<std::pair<std::string, std::string>, std::allocator<std::pair<std::string, std::string> > >::push_back(std::pair<std::string, std::string> const&) (stl_vector.h:834)
==2555==    by 0x407BE4: yyparse() (milldb.y:387)
==2555==    by 0x4037C8: parse_file(std::string) (main.cpp:42)
==2555==    by 0x403C6F: main (main.cpp:88)
==2555==  Address 0x506de00 is 0 bytes inside a block of size 31 free'd
==2555==    at 0x4A062BC: operator delete(void*) (vg_replace_malloc.c:387)
==2555==    by 0x337E6A2FD2: std::basic_string<char, std::char_traits<char>, std::allocator<char> >::~basic_string() (in /usr/lib64/libstdc++.so.6.0.16)
==2555==    by 0x409A2E: std::pair<std::string, std::string>::~pair() (in /home/AKonovalov/Документы/mill-db/milldb)
==2555==    by 0x407CF0: yyparse() (milldb.y:410)
==2555==    by 0x4037C8: parse_file(std::string) (main.cpp:42)
==2555==    by 0x403C6F: main (main.cpp:88)
==2555== 
==2555== Invalid read of size 8
==2555==    at 0x337E6A3BAF: std::string::_Rep::_M_clone(std::allocator<char> const&, unsigned long) (in /usr/lib64/libstdc++.so.6.0.16)
==2555==    by 0x337E6A431B: std::basic_string<char, std::char_traits<char>, std::allocator<char> >::basic_string(std::string const&) (in /usr/lib64/libstdc++.so.6.0.16)
==2555==    by 0x40B684: std::pair<std::string, std::string>::pair(std::pair<std::string, std::string> const&) (stl_pair.h:112)
==2555==    by 0x40B6E8: __gnu_cxx::new_allocator<std::pair<std::string, std::string> >::construct(std::pair<std::string, std::string>*, std::pair<std::string, std::string> const&) (in /home/AKonovalov/Документы/mill-db/milldb)
==2555==    by 0x40B8B7: void std::vector<std::pair<std::string, std::string>, std::allocator<std::pair<std::string, std::string> > >::_M_insert_aux<std::pair<std::string, std::string> const&>(__gnu_cxx::__normal_iterator<std::pair<std::string, std::string>*, std::vector<std::pair<std::string, std::string>, std::allocator<std::pair<std::string, std::string> > > >, std::pair<std::string, std::string> const&&&) (vector.tcc:335)
==2555==    by 0x40A281: std::vector<std::pair<std::string, std::string>, std::allocator<std::pair<std::string, std::string> > >::push_back(std::pair<std::string, std::string> const&) (stl_vector.h:834)
==2555==    by 0x407BE4: yyparse() (milldb.y:387)
==2555==    by 0x4037C8: parse_file(std::string) (main.cpp:42)
==2555==    by 0x403C6F: main (main.cpp:88)
==2555==  Address 0x506de08 is 8 bytes inside a block of size 31 free'd
==2555==    at 0x4A062BC: operator delete(void*) (vg_replace_malloc.c:387)
==2555==    by 0x337E6A2FD2: std::basic_string<char, std::char_traits<char>, std::allocator<char> >::~basic_string() (in /usr/lib64/libstdc++.so.6.0.16)
==2555==    by 0x409A2E: std::pair<std::string, std::string>::~pair() (in /home/AKonovalov/Документы/mill-db/milldb)
==2555==    by 0x407CF0: yyparse() (milldb.y:410)
==2555==    by 0x4037C8: parse_file(std::string) (main.cpp:42)
==2555==    by 0x403C6F: main (main.cpp:88)
==2555== 
==2555== Invalid read of size 8
==2555==    at 0x337E6A3BBB: std::string::_Rep::_M_clone(std::allocator<char> const&, unsigned long) (in /usr/lib64/libstdc++.so.6.0.16)
==2555==    by 0x337E6A431B: std::basic_string<char, std::char_traits<char>, std::allocator<char> >::basic_string(std::string const&) (in /usr/lib64/libstdc++.so.6.0.16)
==2555==    by 0x40B684: std::pair<std::string, std::string>::pair(std::pair<std::string, std::string> const&) (stl_pair.h:112)
==2555==    by 0x40B6E8: __gnu_cxx::new_allocator<std::pair<std::string, std::string> >::construct(std::pair<std::string, std::string>*, std::pair<std::string, std::string> const&) (in /home/AKonovalov/Документы/mill-db/milldb)
==2555==    by 0x40B8B7: void std::vector<std::pair<std::string, std::string>, std::allocator<std::pair<std::string, std::string> > >::_M_insert_aux<std::pair<std::string, std::string> const&>(__gnu_cxx::__normal_iterator<std::pair<std::string, std::string>*, std::vector<std::pair<std::string, std::string>, std::allocator<std::pair<std::string, std::string> > > >, std::pair<std::string, std::string> const&&&) (vector.tcc:335)
==2555==    by 0x40A281: std::vector<std::pair<std::string, std::string>, std::allocator<std::pair<std::string, std::string> > >::push_back(std::pair<std::string, std::string> const&) (stl_vector.h:834)
==2555==    by 0x407BE4: yyparse() (milldb.y:387)
==2555==    by 0x4037C8: parse_file(std::string) (main.cpp:42)
==2555==    by 0x403C6F: main (main.cpp:88)
==2555==  Address 0x506de00 is 0 bytes inside a block of size 31 free'd
==2555==    at 0x4A062BC: operator delete(void*) (vg_replace_malloc.c:387)
==2555==    by 0x337E6A2FD2: std::basic_string<char, std::char_traits<char>, std::allocator<char> >::~basic_string() (in /usr/lib64/libstdc++.so.6.0.16)
==2555==    by 0x409A2E: std::pair<std::string, std::string>::~pair() (in /home/AKonovalov/Документы/mill-db/milldb)
==2555==    by 0x407CF0: yyparse() (milldb.y:410)
==2555==    by 0x4037C8: parse_file(std::string) (main.cpp:42)
==2555==    by 0x403C6F: main (main.cpp:88)
==2555== 
==2555== Invalid read of size 1
==2555==    at 0x4A09441: memcpy@@GLIBC_2.14 (mc_replace_strmem.c:653)
==2555==    by 0x337E6A3C01: std::string::_Rep::_M_clone(std::allocator<char> const&, unsigned long) (in /usr/lib64/libstdc++.so.6.0.16)
==2555==    by 0x337E6A431B: std::basic_string<char, std::char_traits<char>, std::allocator<char> >::basic_string(std::string const&) (in /usr/lib64/libstdc++.so.6.0.16)
==2555==    by 0x40B684: std::pair<std::string, std::string>::pair(std::pair<std::string, std::string> const&) (stl_pair.h:112)
==2555==    by 0x40B6E8: __gnu_cxx::new_allocator<std::pair<std::string, std::string> >::construct(std::pair<std::string, std::string>*, std::pair<std::string, std::string> const&) (in /home/AKonovalov/Документы/mill-db/milldb)
==2555==    by 0x40B8B7: void std::vector<std::pair<std::string, std::string>, std::allocator<std::pair<std::string, std::string> > >::_M_insert_aux<std::pair<std::string, std::string> const&>(__gnu_cxx::__normal_iterator<std::pair<std::string, std::string>*, std::vector<std::pair<std::string, std::string>, std::allocator<std::pair<std::string, std::string> > > >, std::pair<std::string, std::string> const&&&) (vector.tcc:335)
==2555==    by 0x40A281: std::vector<std::pair<std::string, std::string>, std::allocator<std::pair<std::string, std::string> > >::push_back(std::pair<std::string, std::string> const&) (stl_vector.h:834)
==2555==    by 0x407BE4: yyparse() (milldb.y:387)
==2555==    by 0x4037C8: parse_file(std::string) (main.cpp:42)
==2555==    by 0x403C6F: main (main.cpp:88)
==2555==  Address 0x506de1d is 29 bytes inside a block of size 31 free'd
==2555==    at 0x4A062BC: operator delete(void*) (vg_replace_malloc.c:387)
==2555==    by 0x337E6A2FD2: std::basic_string<char, std::char_traits<char>, std::allocator<char> >::~basic_string() (in /usr/lib64/libstdc++.so.6.0.16)
==2555==    by 0x409A2E: std::pair<std::string, std::string>::~pair() (in /home/AKonovalov/Документы/mill-db/milldb)
==2555==    by 0x407CF0: yyparse() (milldb.y:410)
==2555==    by 0x4037C8: parse_file(std::string) (main.cpp:42)
==2555==    by 0x403C6F: main (main.cpp:88)
==2555== 
==2555== Invalid read of size 8
==2555==    at 0x337E6A3C02: std::string::_Rep::_M_clone(std::allocator<char> const&, unsigned long) (in /usr/lib64/libstdc++.so.6.0.16)
==2555==    by 0x337E6A431B: std::basic_string<char, std::char_traits<char>, std::allocator<char> >::basic_string(std::string const&) (in /usr/lib64/libstdc++.so.6.0.16)
==2555==    by 0x40B684: std::pair<std::string, std::string>::pair(std::pair<std::string, std::string> const&) (stl_pair.h:112)
==2555==    by 0x40B6E8: __gnu_cxx::new_allocator<std::pair<std::string, std::string> >::construct(std::pair<std::string, std::string>*, std::pair<std::string, std::string> const&) (in /home/AKonovalov/Документы/mill-db/milldb)
==2555==    by 0x40B8B7: void std::vector<std::pair<std::string, std::string>, std::allocator<std::pair<std::string, std::string> > >::_M_insert_aux<std::pair<std::string, std::string> const&>(__gnu_cxx::__normal_iterator<std::pair<std::string, std::string>*, std::vector<std::pair<std::string, std::string>, std::allocator<std::pair<std::string, std::string> > > >, std::pair<std::string, std::string> const&&&) (vector.tcc:335)
==2555==    by 0x40A281: std::vector<std::pair<std::string, std::string>, std::allocator<std::pair<std::string, std::string> > >::push_back(std::pair<std::string, std::string> const&) (stl_vector.h:834)
==2555==    by 0x407BE4: yyparse() (milldb.y:387)
==2555==    by 0x4037C8: parse_file(std::string) (main.cpp:42)
==2555==    by 0x403C6F: main (main.cpp:88)
==2555==  Address 0x506de00 is 0 bytes inside a block of size 31 free'd
==2555==    at 0x4A062BC: operator delete(void*) (vg_replace_malloc.c:387)
==2555==    by 0x337E6A2FD2: std::basic_string<char, std::char_traits<char>, std::allocator<char> >::~basic_string() (in /usr/lib64/libstdc++.so.6.0.16)
==2555==    by 0x409A2E: std::pair<std::string, std::string>::~pair() (in /home/AKonovalov/Документы/mill-db/milldb)
==2555==    by 0x407CF0: yyparse() (milldb.y:410)
==2555==    by 0x4037C8: parse_file(std::string) (main.cpp:42)
==2555==    by 0x403C6F: main (main.cpp:88)
==2555== 
==2555== Invalid read of size 8
==2555==    at 0x337A2A0EA0: wcscmp (in /lib64/libc-2.14.90.so)
==2555==    by 0x337E673F33: std::moneypunct<wchar_t, false>::~moneypunct() (in /usr/lib64/libstdc++.so.6.0.16)
==2555==    by 0x337E673FB8: std::moneypunct<wchar_t, false>::~moneypunct() (in /usr/lib64/libstdc++.so.6.0.16)
==2555==    by 0x337E668829: std::locale::_Impl::~_Impl() (in /usr/lib64/libstdc++.so.6.0.16)
==2555==    by 0x337E6689FC: std::locale::~locale() (in /usr/lib64/libstdc++.so.6.0.16)
==2555==    by 0x337A239930: __run_exit_handlers (in /lib64/libc-2.14.90.so)
==2555==    by 0x337A2399B4: exit (in /lib64/libc-2.14.90.so)
==2555==    by 0x337A2216A3: (below main) (in /lib64/libc-2.14.90.so)
==2555==  Address 0x50653d8 is 0 bytes after a block of size 8 alloc'd
==2555==    at 0x4A06A27: operator new[](unsigned long) (vg_replace_malloc.c:305)
==2555==    by 0x337E673C0D: std::moneypunct<wchar_t, false>::_M_initialize_moneypunct(__locale_struct*, char const*) (in /usr/lib64/libstdc++.so.6.0.16)
==2555==    by 0x337E66AECE: std::locale::_Impl::_Impl(char const*, unsigned long) (in /usr/lib64/libstdc++.so.6.0.16)
==2555==    by 0x337E66B40E: std::locale::locale(char const*) (in /usr/lib64/libstdc++.so.6.0.16)
==2555==    by 0x4E530AA: boost::filesystem3::path::wchar_t_codecvt_facet() (in /usr/lib64/libboost_filesystem.so.1.47.0)
==2555==    by 0x4042D4: boost::filesystem3::path::codecvt() (path.hpp:388)
==2555==    by 0x4043DF: boost::filesystem3::path::path<char*>(char* const&, boost::enable_if<boost::filesystem3::path_traits::is_pathable<boost::decay<char*>::type>, void>::type*) (path.hpp:134)
==2555==    by 0x403BE8: main (main.cpp:86)
==2555== 
==2555== Invalid read of size 8
==2555==    at 0x337A2A0EA0: wcscmp (in /lib64/libc-2.14.90.so)
==2555==    by 0x337E673E23: std::moneypunct<wchar_t, true>::~moneypunct() (in /usr/lib64/libstdc++.so.6.0.16)
==2555==    by 0x337E673EA8: std::moneypunct<wchar_t, true>::~moneypunct() (in /usr/lib64/libstdc++.so.6.0.16)
==2555==    by 0x337E668829: std::locale::_Impl::~_Impl() (in /usr/lib64/libstdc++.so.6.0.16)
==2555==    by 0x337E6689FC: std::locale::~locale() (in /usr/lib64/libstdc++.so.6.0.16)
==2555==    by 0x337A239930: __run_exit_handlers (in /lib64/libc-2.14.90.so)
==2555==    by 0x337A2399B4: exit (in /lib64/libc-2.14.90.so)
==2555==    by 0x337A2216A3: (below main) (in /lib64/libc-2.14.90.so)
==2555==  Address 0x5065618 is 0 bytes after a block of size 8 alloc'd
==2555==    at 0x4A06A27: operator new[](unsigned long) (vg_replace_malloc.c:305)
==2555==    by 0x337E67361D: std::moneypunct<wchar_t, true>::_M_initialize_moneypunct(__locale_struct*, char const*) (in /usr/lib64/libstdc++.so.6.0.16)
==2555==    by 0x337E66AF1B: std::locale::_Impl::_Impl(char const*, unsigned long) (in /usr/lib64/libstdc++.so.6.0.16)
==2555==    by 0x337E66B40E: std::locale::locale(char const*) (in /usr/lib64/libstdc++.so.6.0.16)
==2555==    by 0x4E530AA: boost::filesystem3::path::wchar_t_codecvt_facet() (in /usr/lib64/libboost_filesystem.so.1.47.0)
==2555==    by 0x4042D4: boost::filesystem3::path::codecvt() (path.hpp:388)
==2555==    by 0x4043DF: boost::filesystem3::path::path<char*>(char* const&, boost::enable_if<boost::filesystem3::path_traits::is_pathable<boost::decay<char*>::type>, void>::type*) (path.hpp:134)
==2555==    by 0x403BE8: main (main.cpp:86)
==2555== 
==2555== 
==2555== HEAP SUMMARY:
==2555==     in use at exit: 0 bytes in 0 blocks
==2555==   total heap usage: 913 allocs, 913 frees, 70,033 bytes allocated
==2555== 
==2555== All heap blocks were freed -- no leaks are possible
==2555== 
==2555== For counts of detected and suppressed errors, rerun with: -v
==2555== ERROR SUMMARY: 306 errors from 20 contexts (suppressed: 2 from 2)
